[0101/015816.600:ERROR:directory_reader_win.cc(43)] FindFirstFile: The system cannot find the path specified. (0x3)
[0101/015816.616:ERROR:filesystem_win.cc(129)] GetFileAttributes C:\Users\pc\AppData\Local\Google\Chrome\User Data\Crashpad\attachments\e4971765-74e2-410d-ada0-1bb683167264: The system cannot find the path specified. (0x3)
[0101/015816.616:ERROR:filesystem_win.cc(129)] GetFileAttributes C:\Users\pc\AppData\Local\Google\Chrome\User Data\Crashpad\attachments\0b359157-8398-4783-8fcd-e6641e1c809b: The system cannot find the path specified. (0x3)
[0101/015816.631:ERROR:filesystem_win.cc(129)] GetFileAttributes C:\Users\pc\AppData\Local\Google\Chrome\User Data\Crashpad\attachments\7d5b7f08-4fa2-4c36-9d52-acef9c262b18: The system cannot find the path specified. (0x3)
[0101/015816.631:ERROR:filesystem_win.cc(129)] GetFileAttributes C:\Users\pc\AppData\Local\Google\Chrome\User Data\Crashpad\attachments\bb9fbce0-7fd4-4d95-a0f4-5d12541901b1: The system cannot find the path specified. (0x3)
[0101/015816.631:ERROR:filesystem_win.cc(129)] GetFileAttributes C:\Users\pc\AppData\Local\Google\Chrome\User Data\Crashpad\attachments\ac1e8541-8500-4439-b7f4-8347177a5d00: The system cannot find the path specified. (0x3)
[0101/015816.631:ERROR:filesystem_win.cc(129)] GetFileAttributes C:\Users\pc\AppData\Local\Google\Chrome\User Data\Crashpad\attachments\06dbfba7-75c1-4ff7-81c9-5a4bbbfdc719: The system cannot find the path specified. (0x3)
[0101/015816.631:ERROR:filesystem_win.cc(129)] GetFileAttributes C:\Users\pc\AppData\Local\Google\Chrome\User Data\Crashpad\attachments\597c0932-68d0-49b0-8e07-5eb7936c4878: The system cannot find the path specified. (0x3)
[0101/015816.631:ERROR:filesystem_win.cc(129)] GetFileAttributes C:\Users\pc\AppData\Local\Google\Chrome\User Data\Crashpad\attachments\e12b403a-3e3a-4225-b221-bc6e41706b79: The system cannot find the path specified. (0x3)
[0101/015816.647:ERROR:filesystem_win.cc(129)] GetFileAttributes C:\Users\pc\AppData\Local\Google\Chrome\User Data\Crashpad\attachments\efb67526-52ba-4b04-9170-b7ce09da6e97: The system cannot find the path specified. (0x3)
[0101/015816.647:ERROR:filesystem_win.cc(129)] GetFileAttributes C:\Users\pc\AppData\Local\Google\Chrome\User Data\Crashpad\attachments\2e14a11f-109e-4189-8081-4992d92fd96f: The system cannot find the path specified. (0x3)
[0101/015816.647:ERROR:filesystem_win.cc(129)] GetFileAttributes C:\Users\pc\AppData\Local\Google\Chrome\User Data\Crashpad\attachments\1033d6e8-7012-4bd4-b301-3817fe30b504: The system cannot find the path specified. (0x3)
[0101/015816.647:ERROR:filesystem_win.cc(129)] GetFileAttributes C:\Users\pc\AppData\Local\Google\Chrome\User Data\Crashpad\attachments\d07a9507-a3ad-4b03-b6b4-d3309c9e9d11: The system cannot find the path specified. (0x3)
[0101/015816.647:ERROR:filesystem_win.cc(129)] GetFileAttributes C:\Users\pc\AppData\Local\Google\Chrome\User Data\Crashpad\attachments\110a33eb-bbaa-413b-ac3f-99bc71c7ddb9: The system cannot find the path specified. (0x3)
[0101/015816.647:ERROR:filesystem_win.cc(129)] GetFileAttributes C:\Users\pc\AppData\Local\Google\Chrome\User Data\Crashpad\attachments\7caeb097-d127-4953-aed6-0799bd70e36a: The system cannot find the path specified. (0x3)
[0101/015816.647:ERROR:filesystem_win.cc(129)] GetFileAttributes C:\Users\pc\AppData\Local\Google\Chrome\User Data\Crashpad\attachments\4df05fa5-7098-4ddb-9f15-03cfe589fa21: The system cannot find the path specified. (0x3)
[0101/015816.662:ERROR:filesystem_win.cc(129)] GetFileAttributes C:\Users\pc\AppData\Local\Google\Chrome\User Data\Crashpad\attachments\b4a100c2-5124-4700-aacf-0e0def24943a: The system cannot find the path specified. (0x3)
[0101/015816.662:ERROR:filesystem_win.cc(129)] GetFileAttributes C:\Users\pc\AppData\Local\Google\Chrome\User Data\Crashpad\attachments\2244ed1c-d000-4fa6-b115-8219eae22286: The system cannot find the path specified. (0x3)
[0101/015816.662:ERROR:filesystem_win.cc(129)] GetFileAttributes C:\Users\pc\AppData\Local\Google\Chrome\User Data\Crashpad\attachments\b044b7d5-2f85-43d8-9112-ef3443d51fd2: The system cannot find the path specified. (0x3)
[0101/015816.662:ERROR:filesystem_win.cc(129)] GetFileAttributes C:\Users\pc\AppData\Local\Google\Chrome\User Data\Crashpad\attachments\3babf63a-4bc3-437c-8136-3bd4cb1987ae: The system cannot find the path specified. (0x3)
[0101/015816.662:ERROR:filesystem_win.cc(129)] GetFileAttributes C:\Users\pc\AppData\Local\Google\Chrome\User Data\Crashpad\attachments\a1fae4ce-2b3d-483c-bc05-19ceb71d76b1: The system cannot find the path specified. (0x3)
[0101/015816.662:ERROR:filesystem_win.cc(129)] GetFileAttributes C:\Users\pc\AppData\Local\Google\Chrome\User Data\Crashpad\attachments\efeec4a5-a728-4607-9642-04a91d2b3ad7: The system cannot find the path specified. (0x3)
[0101/015816.662:ERROR:filesystem_win.cc(129)] GetFileAttributes C:\Users\pc\AppData\Local\Google\Chrome\User Data\Crashpad\attachments\ca0950d2-2d09-449e-9c44-b1d597aa315c: The system cannot find the path specified. (0x3)
[0101/015816.662:ERROR:filesystem_win.cc(129)] GetFileAttributes C:\Users\pc\AppData\Local\Google\Chrome\User Data\Crashpad\attachments\09f2f0d9-a1c0-4b81-aef5-281e9f98d06a: The system cannot find the path specified. (0x3)
[0101/015816.662:ERROR:filesystem_win.cc(129)] GetFileAttributes C:\Users\pc\AppData\Local\Google\Chrome\User Data\Crashpad\attachments\91e07068-753d-4a2b-b306-9c2548b545c3: The system cannot find the path specified. (0x3)
[0101/015816.662:ERROR:filesystem_win.cc(129)] GetFileAttributes C:\Users\pc\AppData\Local\Google\Chrome\User Data\Crashpad\attachments\f4849f15-0743-453d-a79d-689daad11c83: The system cannot find the path specified. (0x3)
[0101/015816.678:ERROR:filesystem_win.cc(129)] GetFileAttributes C:\Users\pc\AppData\Local\Google\Chrome\User Data\Crashpad\attachments\127dd5c0-2144-4feb-847e-10ef20ab718d: The system cannot find the path specified. (0x3)
[0101/015816.678:ERROR:filesystem_win.cc(129)] GetFileAttributes C:\Users\pc\AppData\Local\Google\Chrome\User Data\Crashpad\attachments\5e20b770-7366-43b8-bdbf-85bc40a5e611: The system cannot find the path specified. (0x3)
[0101/015816.678:ERROR:filesystem_win.cc(129)] GetFileAttributes C:\Users\pc\AppData\Local\Google\Chrome\User Data\Crashpad\attachments\59521c29-03fb-4ca1-8d24-1e5065e8e5fa: The system cannot find the path specified. (0x3)
[0101/015816.678:ERROR:filesystem_win.cc(129)] GetFileAttributes C:\Users\pc\AppData\Local\Google\Chrome\User Data\Crashpad\attachments\d14d4ecb-0c21-4720-a545-a781f596a425: The system cannot find the path specified. (0x3)
[0101/001654.406:ERROR:directory_reader_win.cc(43)] FindFirstFile: The system cannot find the path specified. (0x3)
[1125/193955.419:ERROR:directory_reader_win.cc(43)] FindFirstFile: The system cannot find the path specified. (0x3)
